"../../../Engine/Content/EngineMaterials/T_Default_Material_Grid_N.uasset" 0
"../../../Engine/Content/EngineMaterials/T_Default_Material_Grid_M.uasset" 1
"../../../Engine/Content/Functions/Engine_MaterialFunctions01/Opacity/CameraDepthFade.uasset" 2
"../../../Engine/Content/EngineMaterials/WorldGridMaterial.uasset" 3
"../../../Engine/Content/ArtTools/RenderToTexture/Meshes/S_1_Unit_Plane.uasset" 4
"../../../Engine/Content/EngineMaterials/DefaultMaterial.uasset" 5
"../../../Engine/Content/BasicShapes/Cone.uasset" 6
"../../../Engine/Content/BasicShapes/Cube.uasset" 7
"../../../Engine/Content/BasicShapes/Sphere.uasset" 8
"../../../Engine/Content/EditorLandscapeResources/DataLayer.uasset" 9
"../../../Engine/Content/EditorLandscapeResources/DefaultAlphaTexture.uasset" 10
"../../../Engine/Content/EditorMaterials/MAT_Groups_Toggle.uasset" 11
"../../../Engine/Content/EditorMaterials/MAT_Groups_Visibility.uasset" 12
"../../../Engine/Content/EditorMaterials/PreviewShadowIndicator.uasset" 13
"../../../Engine/Content/EditorMaterials/PreviewShadowIndicatorMaterial.uasset" 14
"../../../Engine/Content/EditorMaterials/MatineeGroups/MAT_ColorTrack.uasset" 15
"../../../Engine/Content/EditorMaterials/MatineeGroups/MAT_Groups_Anim.uasset" 16
"../../../Engine/Content/EditorMaterials/MatineeGroups/MAT_Groups_AudioMaster.uasset" 17
"../../../Engine/Content/EditorMaterials/MatineeGroups/MAT_Groups_Director.uasset" 18
"../../../Engine/Content/EditorMaterials/MatineeGroups/MAT_Groups_Event.uasset" 19
"../../../Engine/Content/EditorMaterials/MatineeGroups/MAT_Groups_Fade.uasset" 20
"../../../Engine/Content/EditorMaterials/MatineeGroups/MAT_Groups_Float.uasset" 21
"../../../Engine/Content/EditorMaterials/MatineeGroups/MAT_Groups_Move.uasset" 22
"../../../Engine/Content/EditorMaterials/MatineeGroups/MAT_Groups_Slomo.uasset" 23
"../../../Engine/Content/EditorMaterials/MatineeGroups/MAT_Groups_Sound.uasset" 24
"../../../Engine/Content/EditorMaterials/MatineeGroups/MAT_Groups_Vector.uasset" 25
"../../../Engine/Content/EditorMaterials/ParticleSystems/PSysThumbnail_NoImage.uasset" 26
"../../../Engine/Content/EditorMaterials/ParticleSystems/PSysThumbnail_OOD.uasset" 27
"../../../Engine/Content/EditorMaterials/Camera/CineMat.uasset" 28
"../../../Engine/Content/EditorMaterials/Camera/MI_CineMat_Rig.uasset" 29
"../../../Engine/Content/EditorMeshes/Camera/SM_CraneRig_Arm.uasset" 30
"../../../Engine/Content/EditorMeshes/Camera/SM_CraneRig_Base.uasset" 31
"../../../Engine/Content/EditorMeshes/Camera/SM_CraneRig_Body.uasset" 32
"../../../Engine/Content/EditorMeshes/Camera/SM_CraneRig_Mount.uasset" 33
"../../../Engine/Content/EditorMeshes/Camera/SM_RailRig_Mount.uasset" 34
"../../../Engine/Content/EditorMeshes/Camera/SM_RailRig_Track.uasset" 35
"../../../Engine/Content/EditorResources/BSPVertex.uasset" 36
"../../../Engine/Content/EditorResources/EmptyActor.uasset" 37
"../../../Engine/Content/EditorResources/S_Actor.uasset" 38
"../../../Engine/Content/EditorResources/S_Note.uasset" 39
"../../../Engine/Content/EditorResources/S_Solver.uasset" 40
"../../../Engine/Content/EditorResources/S_Terrain.uasset" 41
"../../../Engine/Content/EditorResources/S_Trigger.uasset" 42
"../../../Engine/Content/EditorResources/LightIcons/S_LightError.uasset" 43
"../../../Engine/Content/EditorResources/SequenceRecorder/Countdown.uasset" 44
"../../../Engine/Content/EditorResources/SequenceRecorder/RecordingIndicator.uasset" 45
"../../../Engine/Content/EngineDamageTypes/DmgTypeBP_Environmental.uasset" 46
"../../../Engine/Content/EngineDebugMaterials/DebugEditorMaterial.uasset" 47
"../../../Engine/Content/EngineDebugMaterials/DebugMeshMaterial.uasset" 48
"../../../Engine/Content/EngineDebugMaterials/M_SimpleUnlitTranslucent.uasset" 49
"../../../Engine/Content/EngineDebugMaterials/VolumeToRender.uasset" 50
"../../../Engine/Content/Functions/Engine_MaterialFunctions02/Utility/CameraDirectionVector.uasset" 51
"../../../Engine/Content/EngineDebugMaterials/M_VolumeRenderSphereTracePP.uasset" 52
"../../../Engine/Content/Functions/Engine_MaterialFunctions01/Shading/ConvertFromDiffSpec.uasset" 53
"../../../Engine/Content/EngineDebugMaterials/VertexColorMaterial.uasset" 54
"../../../Engine/Content/EngineDebugMaterials/WireframeMaterial.uasset" 55
"../../../Engine/Content/EngineFonts/Faces/RobotoRegular.uasset" 56
"../../../Engine/Content/EngineFonts/Faces/RobotoLight.uasset" 57
"../../../Engine/Content/EngineFonts/Faces/RobotoItalic.uasset" 58
"../../../Engine/Content/EngineFonts/Faces/RobotoBoldItalic.uasset" 59
"../../../Engine/Content/EngineFonts/Faces/RobotoBold.uasset" 60
"../../../Engine/Content/EngineFonts/Faces/DroidSansFallback.uasset" 61
"../../../Engine/Content/EngineFonts/Roboto.uasset" 62
"../../../Engine/Content/EngineMaterials/BaseFlattenNormalMap.uasset" 63
"../../../Engine/Content/EngineMaterials/BaseFlattenGrayscaleMap.uasset" 64
"../../../Engine/Content/EngineMaterials/BaseFlattenEmissiveMap.uasset" 65
"../../../Engine/Content/EngineMaterials/BaseFlattenDiffuseMap.uasset" 66
"../../../Engine/Content/EngineMaterials/BaseFlattenMaterial.uasset" 67
"../../../Engine/Content/EngineMaterials/BlueNoise.uasset" 68
"../../../Engine/Content/EngineMaterials/DefaultBloomKernel.uasset" 69
"../../../Engine/Content/EngineMaterials/DefaultBokeh.uasset" 70
"../../../Engine/Content/EngineMaterials/DefaultDiffuse.uasset" 71
"../../../Engine/Content/EngineMaterials/DefaultDeferredDecalMaterial.uasset" 72
"../../../Engine/Content/EngineMaterials/DefaultLightFunctionMaterial.uasset" 73
"../../../Engine/Content/Functions/Engine_MaterialFunctions02/Utility/BreakOutFloat2Components.uasset" 74
"../../../Engine/Content/EngineMaterials/DefaultPostProcessMaterial.uasset" 75
"../../../Engine/Content/EngineFonts/RobotoDistanceField.uasset" 76
"../../../Engine/Content/EngineMaterials/DefaultTextMaterialOpaque.uasset" 77
"../../../Engine/Content/EngineMaterials/DefaultWhiteGrid.uasset" 78
"../../../Engine/Content/EngineMaterials/DefaultWhiteGrid_Low.uasset" 79
"../../../Engine/Content/EngineMaterials/EmissiveMeshMaterial.uasset" 80
"../../../Engine/Content/EngineMaterials/GizmoMaterial.uasset" 81
"../../../Engine/Content/EngineMaterials/MiniFont.uasset" 82
"../../../Engine/Content/EngineMaterials/InvalidLightmapSettings.uasset" 83
"../../../Engine/Content/EngineMaterials/M_InvalidLightmapSettings.uasset" 84
"../../../Engine/Content/Functions/Engine_MaterialFunctions02/WorldPositionOffset/CameraOffset.uasset" 85
"../../../Engine/Content/EngineMaterials/PhAT_JointLimitMaterial.uasset" 86
"../../../Engine/Content/EngineMaterials/PreintegratedSkinBRDF.uasset" 87
"../../../Engine/Content/EngineMaterials/RemoveSurfaceMaterial.uasset" 88
"../../../Engine/Content/EngineMaterials/WeightMapPlaceholderTexture.uasset" 89
"../../../Engine/Content/EngineResources/WhiteSquareTexture.uasset" 90
"../../../Engine/Content/EngineMaterials/Widget3DPassThrough.uasset" 91
"../../../Engine/Content/EngineMaterials/Widget3DPassThrough_Masked.uasset" 92
"../../../Engine/Content/EngineMaterials/Widget3DPassThrough_Opaque.uasset" 93
"../../../Engine/Content/EngineMaterials/Widget3DPassThrough_Masked_OneSided.uasset" 94
"../../../Engine/Content/EngineMaterials/Widget3DPassThrough_Opaque_OneSided.uasset" 95
"../../../Engine/Content/EngineMaterials/Widget3DPassThrough_Translucent.uasset" 96
"../../../Engine/Content/EngineMaterials/Widget3DPassThrough_Translucent_OneSided.uasset" 97
"../../../Engine/Content/EngineMeshes/Cylinder.uasset" 98
"../../../Engine/Content/EngineMeshes/Sphere.uasset" 99
"../../../Engine/Content/EngineResources/Black.uasset" 100
"../../../Engine/Content/EngineResources/DefaultTextureCube.uasset" 101
"../../../Engine/Content/EngineResources/DefaultVolumeTexture2D.uasset" 102
"../../../Engine/Content/EngineResources/DefaultVolumeTexture.uasset" 103
"../../../Engine/Content/EngineResources/GradientTexture0.uasset" 104
"../../../Engine/Content/EngineSky/VolumetricClouds/T_NoiseShape64.uasset" 105
"../../../Engine/Content/EngineSky/VolumetricClouds/T_VolumeNoiseShape64.uasset" 106
"../../../Engine/Content/EngineSky/VolumetricClouds/T_NoiseErosion.uasset" 107
"../../../Engine/Content/EngineSky/VolumetricClouds/T_VolumeNoiseErosion32.uasset" 108
"../../../Engine/Content/EngineSky/VolumetricClouds/CloudWeatherTexture.uasset" 109
"../../../Engine/Content/EngineSky/VolumetricClouds/CloudGradientTexture.uasset" 110
"../../../Engine/Content/Functions/Engine_MaterialFunctions02/Utility/MakeFloat2.uasset" 111
"../../../Engine/Content/EngineSky/VolumetricClouds/m_SimpleVolumetricCloud.uasset" 112
"../../../Engine/Content/EngineSky/VolumetricClouds/m_SimpleVolumetricCloud_Inst.uasset" 113
"../../../Engine/Content/EngineSounds/Master.uasset" 114
"../../../Engine/Content/Functions/Engine_MaterialFunctions01/Shading/PowerToRoughness.uasset" 115
"../../../Engine/Content/Maps/Templates/Thumbnails/Default.uasset" 116
"../../../Engine/Content/Maps/Templates/Thumbnails/VR-Basic.uasset" 117
"../../../Engine/Content/MobileResources/T_MobileControls_texture.uasset" 118
"../../../Engine/Content/MobileResources/T_MobileMenu2.uasset" 119
"../../../Engine/Content/MobileResources/HUD/AnalogHat.uasset" 120
"../../../Engine/Content/MobileResources/HUD/VirtualJoystick_Thumb.uasset" 121
"../../../Engine/Content/MobileResources/HUD/VirtualJoystick_Background.uasset" 122
"../../../Engine/Content/MobileResources/HUD/DefaultVirtualJoysticks.uasset" 123
"../../../Engine/Content/MobileResources/HUD/LeftVirtualJoystickOnly.uasset" 124
"../../../Engine/Content/MobileResources/HUD/MobileHUDButton1_off.uasset" 125
"../../../Engine/Content/MobileResources/HUD/MobileHUDButton1_on.uasset" 126
"../../../Engine/Content/MobileResources/HUD/MobileHUDButton2_off.uasset" 127
"../../../Engine/Content/MobileResources/HUD/MobileHUDButton2_on.uasset" 128
"../../../Engine/Content/MobileResources/HUD/MobileHUDButton3.uasset" 129
"../../../Engine/Content/MobileResources/HUD/MobileHUDButtonFire.uasset" 130
"../../../Engine/Content/MobileResources/HUD/MobileHUDDirectionPad.uasset" 131
"../../../Engine/Content/MobileResources/HUD/MobileHUDDirectionPad2.uasset" 132
"../../../Engine/Content/MobileResources/HUD/MobileHUDDirectionPad3.uasset" 133
"../../../Engine/Content/MobileResources/HUD/MobileHUDDirectionStick.uasset" 134
"../../../Engine/Content/MobileResources/HUD/T_Castle_ThumbstickInner.uasset" 135
"../../../Engine/Content/MobileResources/HUD/T_Castle_ThumbstickOutter.uasset" 136
"../../../Engine/Content/Tutorial/ContentIntroCurve.uasset" 137
"../../../Engine/Content/Tutorial/Basics/LevelEditorAttract.uasset" 138
"../../../Engine/Content/VREditor/TransformGizmo/TranslucentTransformGizmoMaterial.uasset" 139
"../../../Engine/Content/VREditor/LaserPointer/VR_LaserPower_01.uasset" 140
"../../../Engine/Content/VREditor/TransformGizmo/TransformGizmoMaterial.uasset" 141
"../../../Engine/Content/VREditor/TransformGizmo/BoundingBoxCorner.uasset" 142
"../../../Engine/Content/VREditor/TransformGizmo/BoundingBoxEdge.uasset" 143
"../../../Engine/Content/VREditor/TransformGizmo/PlaneTranslationHandle.uasset" 144
"../../../Engine/Content/VREditor/TransformGizmo/Xray.uasset" 145
"../../../Engine/Content/VREditor/TransformGizmo/Main.uasset" 146
"../../../Engine/Content/VREditor/TransformGizmo/SM_Sequencer_Key.uasset" 147
"../../../Engine/Content/VREditor/TransformGizmo/SM_Sequencer_Node.uasset" 148
"../../Plugins/2D/Paper2D/Content/PlaceholderTextures/DummySpriteTexture.uasset" 149
"../../Plugins/2D/Paper2D/Content/DummySprite.uasset" 150
"../../Plugins/2D/Paper2D/Content/DefaultPaperTerrainMaterial.uasset" 151
"../../Plugins/2D/Paper2D/Content/DefaultSpriteMaterial.uasset" 152
"../../Plugins/2D/Paper2D/Content/MaskedUnlitSpriteMaterial.uasset" 153
"../../Plugins/2D/Paper2D/Content/OpaqueUnlitSpriteMaterial.uasset" 154
"../../../Engine/Content/Functions/Engine_MaterialFunctions02/Utility/BreakOutFloat3Components.uasset" 155
"../../Plugins/Editor/SpeedTreeImporter/Content/SpeedTree9/UnpackInteger3.uasset" 156
"../../Plugins/Editor/SpeedTreeImporter/Content/SpeedTree9/UnpackDirection.uasset" 157
"../../Plugins/Editor/SpeedTreeImporter/Content/SpeedTree9/game_wind_noise.uasset" 158
"../../../Engine/Content/Functions/Engine_MaterialFunctions02/SafeNormalize.uasset" 159
"../../Plugins/Editor/SpeedTreeImporter/Content/SpeedTree9/SpeedTreeWindMotion.uasset" 160
"../../Plugins/Editor/SpeedTreeImporter/Content/SpeedTree9/SpeedTreeBranchMotion.uasset" 161
"../../../Engine/Content/Functions/Engine_MaterialFunctions02/ObjectLocalBounds.uasset" 162
"../../../Engine/Content/Functions/Engine_MaterialFunctions02/UVs/BoundingBoxBased_0-1_UVW.uasset" 163
"../../Plugins/Editor/SpeedTreeImporter/Content/SpeedTree9/SpeedTreeWind.uasset" 164
"../../Plugins/Editor/SpeedTreeImporter/Content/SpeedTree9/SpeedTreeBillboard.uasset" 165
"../../../Engine/Content/EngineResources/DefaultTexture.uasset" 166
"../../Plugins/Editor/SpeedTreeImporter/Content/SpeedTree9/SpeedTreeBillboardMaster.uasset" 167
"../../Plugins/Editor/SpeedTreeImporter/Content/SpeedTree9/SpeedTreeCameraFacing.uasset" 168
"../../Plugins/Editor/SpeedTreeImporter/Content/SpeedTree9/SpeedTreeMaster.uasset" 169
"../../Plugins/Experimental/Landmass/Content/Landscape/BlueprintBrushes/MPC/MPC_Landscape.uasset" 170
"../../Plugins/Experimental/Water/Content/Curves/FloatCurve.uasset" 171
"../../Plugins/Experimental/Water/Content/Curves/FloatCurve_WaterBodyIsland.uasset" 172
"../../Plugins/Experimental/Water/Content/Materials/MPC/MPC_Water.uasset" 173
"../../Plugins/Experimental/Water/Content/Meshes/LakeMesh.uasset" 174
"../../Plugins/Experimental/Water/Content/Meshes/RiverMesh.uasset" 175
"../../Plugins/Experimental/Water/Content/Waves/GerstnerWaves_Lake.uasset" 176
"../../Plugins/Experimental/Water/Content/Waves/GerstnerWaves_Ocean.uasset" 177
"../../../Engine/Content/BasicShapes/Cylinder.uasset" 178
"../../../Engine/Content/ArtTools/RenderToTexture/Materials/Debug/M_Emissive_Color.uasset" 179
"../../Plugins/Lumin/MagicLeapPassableWorld/Content/MagicLeapARPinInfoActor.uasset" 180
"../../../Engine/Content/Functions/Engine_MaterialFunctions02/Utility/BreakOutFloat4Components.uasset" 181
"../../../Engine/Content/Functions/Engine_MaterialFunctions02/Utility/MakeFloat3.uasset" 182
"../../Plugins/Runtime/Oculus/OculusVR/Content/Materials/OculusMR_ChromaKey.uasset" 183
"../../Plugins/Runtime/Oculus/OculusVR/Content/Materials/OculusMR_OpaqueColoredMaterial.uasset" 184
"../../Plugins/Runtime/Oculus/OculusVR/Content/Materials/PokeAHoleMaterial.uasset" 185
"C:/Users/Dany8/OneDrive - 365education/BTS Classes/Semester 3/GAMEN2 Rattrapage/GAMEEN1_Project 4.26/Content/FirstPersonBP/Blueprints/Interface/MainMenu.uasset" 186
"C:/Users/Dany8/OneDrive - 365education/BTS Classes/Semester 3/GAMEN2 Rattrapage/GAMEEN1_Project 4.26/Content/FirstPersonBP/Blueprints/MainMenu_PC.uasset" 187
"C:/Users/Dany8/OneDrive - 365education/BTS Classes/Semester 3/GAMEN2 Rattrapage/GAMEEN1_Project 4.26/Content/FirstPerson/Textures/FirstPersonCrosshair.uasset" 188
"C:/Users/Dany8/OneDrive - 365education/BTS Classes/Semester 3/GAMEN2 Rattrapage/GAMEEN1_Project 4.26/Content/FirstPersonBP/Blueprints/Interface/FirstPersonHUD.uasset" 189
"C:/Users/Dany8/OneDrive - 365education/BTS Classes/Semester 3/GAMEN2 Rattrapage/GAMEEN1_Project 4.26/Content/FirstPersonBP/Blueprints/MainMenuGameMode.uasset" 190
"C:/Users/Dany8/OneDrive - 365education/BTS Classes/Semester 3/GAMEN2 Rattrapage/GAMEEN1_Project 4.26/Content/FirstPersonBP/Maps/MainMenu.umap" 191
"C:/Users/Dany8/OneDrive - 365education/BTS Classes/Semester 3/GAMEN2 Rattrapage/GAMEEN1_Project 4.26/Content/Geometry/Meshes/CubeMaterial.uasset" 192
"C:/Users/Dany8/OneDrive - 365education/BTS Classes/Semester 3/GAMEN2 Rattrapage/GAMEEN1_Project 4.26/Content/Geometry/Meshes/TemplateFloor.uasset" 193
"C:/Users/Dany8/OneDrive - 365education/BTS Classes/Semester 3/GAMEN2 Rattrapage/GAMEEN1_Project 4.26/Content/Geometry/Meshes/1M_Cube_Chamfer.uasset" 194
"C:/Users/Dany8/OneDrive - 365education/BTS Classes/Semester 3/GAMEN2 Rattrapage/GAMEEN1_Project 4.26/Content/Geometry/Meshes/1M_Cube.uasset" 195
"../../../Engine/Content/EngineSky/T_Sky_Stars.uasset" 196
"../../../Engine/Content/EngineSky/T_Sky_Clouds_M.uasset" 197
"../../../Engine/Content/EngineSky/T_Sky_Blue.uasset" 198
"C:/Users/Dany8/OneDrive - 365education/BTS Classes/Semester 3/GAMEN2 Rattrapage/GAMEEN1_Project 4.26/Content/FirstPersonBP/Maps/ServerMain_BuiltData.uasset" 199
"../../../Engine/Content/EngineSky/M_Sky_Panning_Clouds2.uasset" 200
"../../../Engine/Content/EngineSky/SM_SkySphere.uasset" 201
"../../../Engine/Content/EngineSky/C_Sky_Zenith_Color.uasset" 202
"../../../Engine/Content/EngineSky/C_Sky_Horizon_Color.uasset" 203
"../../../Engine/Content/EngineSky/C_Sky_Cloud_Color.uasset" 204
"../../../Engine/Content/EditorBlueprintResources/StandardMacros.uasset" 205
"../../../Engine/Content/EngineSky/BP_Sky_Sphere.uasset" 206
"C:/Users/Dany8/OneDrive - 365education/BTS Classes/Semester 3/GAMEN2 Rattrapage/GAMEEN1_Project 4.26/Content/FirstPersonBP/Maps/ServerMain.umap" 207
"C:/Users/Dany8/OneDrive - 365education/BTS Classes/Semester 3/GAMEN2 Rattrapage/GAMEEN1_Project 4.26/Content/FirstPersonBP/Maps/Main_BuiltData.uasset" 208
"../../../Engine/Content/BasicShapes/Plane.uasset" 209
"C:/Users/Dany8/OneDrive - 365education/BTS Classes/Semester 3/GAMEN2 Rattrapage/GAMEEN1_Project 4.26/Content/StarterContent/Textures/T_Smoke_Tiled_D.uasset" 210
"C:/Users/Dany8/OneDrive - 365education/BTS Classes/Semester 3/GAMEN2 Rattrapage/GAMEEN1_Project 4.26/Content/StarterContent/Textures/T_Smoke_SubUV.uasset" 211
"C:/Users/Dany8/OneDrive - 365education/BTS Classes/Semester 3/GAMEN2 Rattrapage/GAMEEN1_Project 4.26/Content/StarterContent/Particles/Materials/M_smoke_subUV.uasset" 212
"../../../Engine/Content/Functions/Engine_MaterialFunctions01/Gradient/RadialGradient.uasset" 213
"C:/Users/Dany8/OneDrive - 365education/BTS Classes/Semester 3/GAMEN2 Rattrapage/GAMEEN1_Project 4.26/Content/StarterContent/Particles/Materials/M_radial_ramp.uasset" 214
"C:/Users/Dany8/OneDrive - 365education/BTS Classes/Semester 3/GAMEN2 Rattrapage/GAMEEN1_Project 4.26/Content/StarterContent/Particles/Materials/m_flare_01.uasset" 215
"C:/Users/Dany8/OneDrive - 365education/BTS Classes/Semester 3/GAMEN2 Rattrapage/GAMEEN1_Project 4.26/Content/StarterContent/Textures/T_Explosion_SubUV.uasset" 216
"C:/Users/Dany8/OneDrive - 365education/BTS Classes/Semester 3/GAMEN2 Rattrapage/GAMEEN1_Project 4.26/Content/StarterContent/Particles/Materials/M_explosion_subUV.uasset" 217
"C:/Users/Dany8/OneDrive - 365education/BTS Classes/Semester 3/GAMEN2 Rattrapage/GAMEEN1_Project 4.26/Content/StarterContent/Textures/T_Burst_M.uasset" 218
"C:/Users/Dany8/OneDrive - 365education/BTS Classes/Semester 3/GAMEN2 Rattrapage/GAMEEN1_Project 4.26/Content/StarterContent/Particles/Materials/M_Burst.uasset" 219
"C:/Users/Dany8/OneDrive - 365education/BTS Classes/Semester 3/GAMEN2 Rattrapage/GAMEEN1_Project 4.26/Content/StarterContent/Particles/P_Explosion.uasset" 220
"C:/Users/Dany8/OneDrive - 365education/BTS Classes/Semester 3/GAMEN2 Rattrapage/GAMEEN1_Project 4.26/Content/StarterContent/Textures/T_Tech_Panel_N.uasset" 221
"C:/Users/Dany8/OneDrive - 365education/BTS Classes/Semester 3/GAMEN2 Rattrapage/GAMEEN1_Project 4.26/Content/StarterContent/Textures/T_Tech_Panel_M.uasset" 222
"C:/Users/Dany8/OneDrive - 365education/BTS Classes/Semester 3/GAMEN2 Rattrapage/GAMEEN1_Project 4.26/Content/StarterContent/Textures/T_Metal_Steel_D.uasset" 223
"C:/Users/Dany8/OneDrive - 365education/BTS Classes/Semester 3/GAMEN2 Rattrapage/GAMEEN1_Project 4.26/Content/StarterContent/Textures/T_MacroVariation.uasset" 224
"C:/Users/Dany8/OneDrive - 365education/BTS Classes/Semester 3/GAMEN2 Rattrapage/GAMEEN1_Project 4.26/Content/StarterContent/Materials/M_Tech_Panel.uasset" 225
"C:/Users/Dany8/OneDrive - 365education/BTS Classes/Semester 3/GAMEN2 Rattrapage/GAMEEN1_Project 4.26/Content/StarterContent/Audio/Explosion01.uasset" 226
"../../../Engine/Content/EngineMaterials/Good64x64TilingNoiseHighFreq.uasset" 227
"../../../Engine/Content/Functions/Engine_MaterialFunctions02/Texturing/ScreenAlignedPixelToPixelUVs.uasset" 228
"../../../Engine/Content/Functions/Engine_MaterialFunctions02/Utility/DitherTemporalAA.uasset" 229
"C:/Users/Dany8/OneDrive - 365education/BTS Classes/Semester 3/GAMEN2 Rattrapage/GAMEEN1_Project 4.26/Content/StarterContent/SCK_Casual01/Textures/L_01/TEX_L_01_S.uasset" 230
"C:/Users/Dany8/OneDrive - 365education/BTS Classes/Semester 3/GAMEN2 Rattrapage/GAMEEN1_Project 4.26/Content/StarterContent/SCK_Casual01/Textures/L_01/TEX_L_01_R.uasset" 231
"C:/Users/Dany8/OneDrive - 365education/BTS Classes/Semester 3/GAMEN2 Rattrapage/GAMEEN1_Project 4.26/Content/StarterContent/SCK_Casual01/Textures/L_01/TEX_L_01_N.uasset" 232
"C:/Users/Dany8/OneDrive - 365education/BTS Classes/Semester 3/GAMEN2 Rattrapage/GAMEEN1_Project 4.26/Content/StarterContent/SCK_Casual01/Textures/L_01/TEX_L_01_M.uasset" 233
"C:/Users/Dany8/OneDrive - 365education/BTS Classes/Semester 3/GAMEN2 Rattrapage/GAMEEN1_Project 4.26/Content/StarterContent/SCK_Casual01/Textures/L_01/TEX_L_01_D_1.uasset" 234
"C:/Users/Dany8/OneDrive - 365education/BTS Classes/Semester 3/GAMEN2 Rattrapage/GAMEEN1_Project 4.26/Content/StarterContent/SCK_Casual01/Materials/Master_Materials/MAT_L_01.uasset" 235
"C:/Users/Dany8/OneDrive - 365education/BTS Classes/Semester 3/GAMEN2 Rattrapage/GAMEEN1_Project 4.26/Content/StarterContent/SCK_Casual01/Mannequin/Character/Mesh/SK_Mannequin_PhysicsAsset.uasset" 236
"C:/Users/Dany8/OneDrive - 365education/BTS Classes/Semester 3/GAMEN2 Rattrapage/GAMEEN1_Project 4.26/Content/StarterContent/SCK_Casual01/Mannequin/Character/Mesh/UE4_Mannequin_Skeleton.uasset" 237
"C:/Users/Dany8/OneDrive - 365education/BTS Classes/Semester 3/GAMEN2 Rattrapage/GAMEEN1_Project 4.26/Content/StarterContent/SCK_Casual01/Models/MESH_L_01.uasset" 238
"C:/Users/Dany8/OneDrive - 365education/BTS Classes/Semester 3/GAMEN2 Rattrapage/GAMEEN1_Project 4.26/Content/FirstPerson/Meshes/BaseMaterial.uasset" 239
"C:/Users/Dany8/OneDrive - 365education/BTS Classes/Semester 3/GAMEN2 Rattrapage/GAMEEN1_Project 4.26/Content/FirstPerson/Meshes/FirstPersonProjectileMaterial.uasset" 240
"C:/Users/Dany8/OneDrive - 365education/BTS Classes/Semester 3/GAMEN2 Rattrapage/GAMEEN1_Project 4.26/Content/FirstPerson/Meshes/FirstPersonProjectileMesh.uasset" 241
"C:/Users/Dany8/OneDrive - 365education/BTS Classes/Semester 3/GAMEN2 Rattrapage/GAMEEN1_Project 4.26/Content/FirstPersonBP/Blueprints/FirstPersonProjectile.uasset" 242
"../../../Engine/Content/Animation/DefaultAnimCurveCompressionSettings.uasset" 243
"../../../Engine/Content/Animation/DefaultAnimBoneCompressionSettings.uasset" 244
"C:/Users/Dany8/OneDrive - 365education/BTS Classes/Semester 3/GAMEN2 Rattrapage/GAMEEN1_Project 4.26/Content/StarterContent/SCK_Casual01/Mannequin/Animations/ThirdPersonWalk.uasset" 245
"C:/Users/Dany8/OneDrive - 365education/BTS Classes/Semester 3/GAMEN2 Rattrapage/GAMEEN1_Project 4.26/Content/StarterContent/SCK_Casual01/Mannequin/Animations/ThirdPersonRun.uasset" 246
"C:/Users/Dany8/OneDrive - 365education/BTS Classes/Semester 3/GAMEN2 Rattrapage/GAMEEN1_Project 4.26/Content/StarterContent/SCK_Casual01/Mannequin/Animations/ThirdPersonIdle.uasset" 247
"C:/Users/Dany8/OneDrive - 365education/BTS Classes/Semester 3/GAMEN2 Rattrapage/GAMEEN1_Project 4.26/Content/StarterContent/SCK_Casual01/Mannequin/Animations/ThirdPerson_IdleRun_2D.uasset" 248
"C:/Users/Dany8/OneDrive - 365education/BTS Classes/Semester 3/GAMEN2 Rattrapage/GAMEEN1_Project 4.26/Content/StarterContent/SCK_Casual01/Mannequin/Animations/ThirdPerson_Jump.uasset" 249
"C:/Users/Dany8/OneDrive - 365education/BTS Classes/Semester 3/GAMEN2 Rattrapage/GAMEEN1_Project 4.26/Content/StarterContent/SCK_Casual01/Mannequin/Animations/ThirdPersonJump_Start.uasset" 250
"C:/Users/Dany8/OneDrive - 365education/BTS Classes/Semester 3/GAMEN2 Rattrapage/GAMEEN1_Project 4.26/Content/StarterContent/SCK_Casual01/Mannequin/Animations/ThirdPersonJump_Loop.uasset" 251
"C:/Users/Dany8/OneDrive - 365education/BTS Classes/Semester 3/GAMEN2 Rattrapage/GAMEEN1_Project 4.26/Content/StarterContent/SCK_Casual01/Mannequin/Animations/ThirdPerson_AnimBP.uasset" 252
"C:/Users/Dany8/OneDrive - 365education/BTS Classes/Semester 3/GAMEN2 Rattrapage/GAMEEN1_Project 4.26/Content/FirstPersonBP/Blueprints/Interface/SaveGameText.uasset" 253
"C:/Users/Dany8/OneDrive - 365education/BTS Classes/Semester 3/GAMEN2 Rattrapage/GAMEEN1_Project 4.26/Content/FirstPersonBP/Blueprints/MySaveGame.uasset" 254
"C:/Users/Dany8/OneDrive - 365education/BTS Classes/Semester 3/GAMEN2 Rattrapage/GAMEEN1_Project 4.26/Content/FirstPersonBP/Blueprints/Interface/HealthBar.uasset" 255
"C:/Users/Dany8/OneDrive - 365education/BTS Classes/Semester 3/GAMEN2 Rattrapage/GAMEEN1_Project 4.26/Content/FirstPersonBP/Blueprints/FirstPersonGameMode.uasset" 256
"C:/Users/Dany8/OneDrive - 365education/BTS Classes/Semester 3/GAMEN2 Rattrapage/GAMEEN1_Project 4.26/Content/FirstPerson/FPWeapon/Mesh/SK_FPGun_Skeleton.uasset" 257
"C:/Users/Dany8/OneDrive - 365education/BTS Classes/Semester 3/GAMEN2 Rattrapage/GAMEEN1_Project 4.26/Content/FirstPerson/FPWeapon/Textures/T_FPGun_N.uasset" 258
"C:/Users/Dany8/OneDrive - 365education/BTS Classes/Semester 3/GAMEN2 Rattrapage/GAMEEN1_Project 4.26/Content/FirstPerson/FPWeapon/Textures/T_FPGun_M.uasset" 259
"C:/Users/Dany8/OneDrive - 365education/BTS Classes/Semester 3/GAMEN2 Rattrapage/GAMEEN1_Project 4.26/Content/FirstPerson/FPWeapon/Materials/MaterialLayers/T_ML_Aluminum01_N.uasset" 260
"C:/Users/Dany8/OneDrive - 365education/BTS Classes/Semester 3/GAMEN2 Rattrapage/GAMEEN1_Project 4.26/Content/FirstPerson/FPWeapon/Materials/MaterialLayers/T_ML_Aluminum01.uasset" 261
"C:/Users/Dany8/OneDrive - 365education/BTS Classes/Semester 3/GAMEN2 Rattrapage/GAMEEN1_Project 4.26/Content/FirstPerson/FPWeapon/Materials/MaterialLayers/ML_SoftMetal_UE4.uasset" 262
"C:/Users/Dany8/OneDrive - 365education/BTS Classes/Semester 3/GAMEN2 Rattrapage/GAMEEN1_Project 4.26/Content/FirstPerson/FPWeapon/Materials/MaterialLayers/ML_Screen.uasset" 263
"C:/Users/Dany8/OneDrive - 365education/BTS Classes/Semester 3/GAMEN2 Rattrapage/GAMEEN1_Project 4.26/Content/FirstPerson/FPWeapon/Materials/MaterialLayers/ML_Plastic_Shiny_Beige.uasset" 264
"C:/Users/Dany8/OneDrive - 365education/BTS Classes/Semester 3/GAMEN2 Rattrapage/GAMEEN1_Project 4.26/Content/FirstPerson/FPWeapon/Materials/MaterialLayers/T_ML_Rubber_Blue_01_N.uasset" 265
"C:/Users/Dany8/OneDrive - 365education/BTS Classes/Semester 3/GAMEN2 Rattrapage/GAMEEN1_Project 4.26/Content/FirstPerson/FPWeapon/Materials/MaterialLayers/T_ML_Rubber_Blue_01_D.uasset" 266
"C:/Users/Dany8/OneDrive - 365education/BTS Classes/Semester 3/GAMEN2 Rattrapage/GAMEEN1_Project 4.26/Content/FirstPerson/FPWeapon/Materials/MaterialLayers/ML_GlossyBlack_Latex_UE4.uasset" 267
"../../../Engine/Content/Functions/MaterialLayerFunctions/MatLayerBlend_Simple.uasset" 268
"../../../Engine/Content/Functions/Engine_MaterialFunctions02/Utility/BlendAngleCorrectedNormals.uasset" 269
"../../../Engine/Content/Functions/MaterialLayerFunctions/MatLayerBlend_NormalBlend.uasset" 270
"C:/Users/Dany8/OneDrive - 365education/BTS Classes/Semester 3/GAMEN2 Rattrapage/GAMEEN1_Project 4.26/Content/FirstPerson/FPWeapon/Materials/M_FPGun.uasset" 271
"C:/Users/Dany8/OneDrive - 365education/BTS Classes/Semester 3/GAMEN2 Rattrapage/GAMEEN1_Project 4.26/Content/FirstPerson/FPWeapon/Mesh/SK_FPGun.uasset" 272
"C:/Users/Dany8/OneDrive - 365education/BTS Classes/Semester 3/GAMEN2 Rattrapage/GAMEEN1_Project 4.26/Content/FirstPerson/Character/Mesh/SK_Mannequin_Arms_PhysicsAsset.uasset" 273
"C:/Users/Dany8/OneDrive - 365education/BTS Classes/Semester 3/GAMEN2 Rattrapage/GAMEEN1_Project 4.26/Content/FirstPerson/Character/Textures/UE4_Mannequin_MAT_MASKA.uasset" 274
"C:/Users/Dany8/OneDrive - 365education/BTS Classes/Semester 3/GAMEN2 Rattrapage/GAMEEN1_Project 4.26/Content/FirstPerson/Character/Textures/UE4_Mannequin__normals.uasset" 275
"C:/Users/Dany8/OneDrive - 365education/BTS Classes/Semester 3/GAMEN2 Rattrapage/GAMEEN1_Project 4.26/Content/FirstPerson/Character/Materials/MaterialLayers/T_ML_Aluminum01_N.uasset" 276
"C:/Users/Dany8/OneDrive - 365education/BTS Classes/Semester 3/GAMEN2 Rattrapage/GAMEEN1_Project 4.26/Content/FirstPerson/Character/Materials/MaterialLayers/T_ML_Aluminum01.uasset" 277
"C:/Users/Dany8/OneDrive - 365education/BTS Classes/Semester 3/GAMEN2 Rattrapage/GAMEEN1_Project 4.26/Content/FirstPerson/Character/Materials/MaterialLayers/ML_SoftMetal_UE4.uasset" 278
"C:/Users/Dany8/OneDrive - 365education/BTS Classes/Semester 3/GAMEN2 Rattrapage/GAMEEN1_Project 4.26/Content/FirstPerson/Character/Textures/UE4_LOGO_CARD.uasset" 279
"C:/Users/Dany8/OneDrive - 365education/BTS Classes/Semester 3/GAMEN2 Rattrapage/GAMEEN1_Project 4.26/Content/FirstPerson/Character/Materials/MaterialLayers/ML_Plastic_Shiny_Beige_LOGO.uasset" 280
"C:/Users/Dany8/OneDrive - 365education/BTS Classes/Semester 3/GAMEN2 Rattrapage/GAMEEN1_Project 4.26/Content/FirstPerson/Character/Materials/MaterialLayers/ML_Plastic_Shiny_Beige.uasset" 281
"C:/Users/Dany8/OneDrive - 365education/BTS Classes/Semester 3/GAMEN2 Rattrapage/GAMEEN1_Project 4.26/Content/FirstPerson/Character/Materials/MaterialLayers/T_ML_Rubber_Blue_01_N.uasset" 282
"C:/Users/Dany8/OneDrive - 365education/BTS Classes/Semester 3/GAMEN2 Rattrapage/GAMEEN1_Project 4.26/Content/FirstPerson/Character/Materials/MaterialLayers/T_ML_Rubber_Blue_01_D.uasset" 283
"C:/Users/Dany8/OneDrive - 365education/BTS Classes/Semester 3/GAMEN2 Rattrapage/GAMEEN1_Project 4.26/Content/FirstPerson/Character/Materials/MaterialLayers/ML_GlossyBlack_Latex_UE4.uasset" 284
"C:/Users/Dany8/OneDrive - 365education/BTS Classes/Semester 3/GAMEN2 Rattrapage/GAMEEN1_Project 4.26/Content/FirstPerson/Character/Materials/M_UE4Man_Body.uasset" 285
"C:/Users/Dany8/OneDrive - 365education/BTS Classes/Semester 3/GAMEN2 Rattrapage/GAMEEN1_Project 4.26/Content/FirstPerson/Character/Mesh/SK_Mannequin_Arms_Skeleton.uasset" 286
"C:/Users/Dany8/OneDrive - 365education/BTS Classes/Semester 3/GAMEN2 Rattrapage/GAMEEN1_Project 4.26/Content/FirstPerson/Character/Mesh/SK_Mannequin_Arms.uasset" 287
"C:/Users/Dany8/OneDrive - 365education/BTS Classes/Semester 3/GAMEN2 Rattrapage/GAMEEN1_Project 4.26/Content/FirstPerson/Audio/FirstPersonTemplateWeaponFire02.uasset" 288
"C:/Users/Dany8/OneDrive - 365education/BTS Classes/Semester 3/GAMEN2 Rattrapage/GAMEEN1_Project 4.26/Content/FirstPerson/Animations/FirstPerson_Run.uasset" 289
"C:/Users/Dany8/OneDrive - 365education/BTS Classes/Semester 3/GAMEN2 Rattrapage/GAMEEN1_Project 4.26/Content/FirstPerson/Animations/FirstPerson_JumpStart.uasset" 290
"C:/Users/Dany8/OneDrive - 365education/BTS Classes/Semester 3/GAMEN2 Rattrapage/GAMEEN1_Project 4.26/Content/FirstPerson/Animations/FirstPerson_JumpLoop.uasset" 291
"C:/Users/Dany8/OneDrive - 365education/BTS Classes/Semester 3/GAMEN2 Rattrapage/GAMEEN1_Project 4.26/Content/FirstPerson/Animations/FirstPerson_JumpEnd.uasset" 292
"C:/Users/Dany8/OneDrive - 365education/BTS Classes/Semester 3/GAMEN2 Rattrapage/GAMEEN1_Project 4.26/Content/FirstPerson/Animations/FirstPerson_Idle.uasset" 293
"C:/Users/Dany8/OneDrive - 365education/BTS Classes/Semester 3/GAMEN2 Rattrapage/GAMEEN1_Project 4.26/Content/FirstPerson/Animations/FirstPerson_AnimBP.uasset" 294
"C:/Users/Dany8/OneDrive - 365education/BTS Classes/Semester 3/GAMEN2 Rattrapage/GAMEEN1_Project 4.26/Content/FirstPerson/Animations/FirstPerson_Fire.uasset" 295
"C:/Users/Dany8/OneDrive - 365education/BTS Classes/Semester 3/GAMEN2 Rattrapage/GAMEEN1_Project 4.26/Content/FirstPerson/Animations/FirstPersonFire_Montage.uasset" 296
"C:/Users/Dany8/OneDrive - 365education/BTS Classes/Semester 3/GAMEN2 Rattrapage/GAMEEN1_Project 4.26/Content/FirstPersonBP/Blueprints/FirstPersonCharacter.uasset" 297
"C:/Users/Dany8/OneDrive - 365education/BTS Classes/Semester 3/GAMEN2 Rattrapage/GAMEEN1_Project 4.26/Content/FirstPersonBP/Blueprints/DamageTrap.uasset" 298
"C:/Users/Dany8/OneDrive - 365education/BTS Classes/Semester 3/GAMEN2 Rattrapage/GAMEEN1_Project 4.26/Content/StarterContent/Audio/Collapse02.uasset" 299
"C:/Users/Dany8/OneDrive - 365education/BTS Classes/Semester 3/GAMEN2 Rattrapage/GAMEEN1_Project 4.26/Content/StarterContent/Textures/T_Tech_Hex_Tile_N.uasset" 300
"C:/Users/Dany8/OneDrive - 365education/BTS Classes/Semester 3/GAMEN2 Rattrapage/GAMEEN1_Project 4.26/Content/StarterContent/Textures/T_Tech_Hex_Tile_M.uasset" 301
"C:/Users/Dany8/OneDrive - 365education/BTS Classes/Semester 3/GAMEN2 Rattrapage/GAMEEN1_Project 4.26/Content/StarterContent/Materials/M_Tech_Hex_Tile_Pulse.uasset" 302
"C:/Users/Dany8/OneDrive - 365education/BTS Classes/Semester 3/GAMEN2 Rattrapage/GAMEEN1_Project 4.26/Content/StarterContent/Textures/T_Metal_Gold_D.uasset" 303
"C:/Users/Dany8/OneDrive - 365education/BTS Classes/Semester 3/GAMEN2 Rattrapage/GAMEEN1_Project 4.26/Content/StarterContent/Textures/T_Metal_Gold_N.uasset" 304
"C:/Users/Dany8/OneDrive - 365education/BTS Classes/Semester 3/GAMEN2 Rattrapage/GAMEEN1_Project 4.26/Content/StarterContent/Materials/M_Metal_Gold.uasset" 305
"C:/Users/Dany8/OneDrive - 365education/BTS Classes/Semester 3/GAMEN2 Rattrapage/GAMEEN1_Project 4.26/Content/StarterContent/Materials/M_Metal_Chrome.uasset" 306
"C:/Users/Dany8/OneDrive - 365education/BTS Classes/Semester 3/GAMEN2 Rattrapage/GAMEEN1_Project 4.26/Content/StarterContent/Textures/T_Metal_Aluminum_D.uasset" 307
"C:/Users/Dany8/OneDrive - 365education/BTS Classes/Semester 3/GAMEN2 Rattrapage/GAMEEN1_Project 4.26/Content/StarterContent/Materials/M_Metal_Burnished_Steel.uasset" 308
"C:/Users/Dany8/OneDrive - 365education/BTS Classes/Semester 3/GAMEN2 Rattrapage/GAMEEN1_Project 4.26/Content/FirstPersonBP/Maya/Minotaur_UE4.uasset" 309
"C:/Users/Dany8/OneDrive - 365education/BTS Classes/Semester 3/GAMEN2 Rattrapage/GAMEEN1_Project 4.26/Content/FirstPersonBP/Blueprints/Sprite/P_ExplosionMinotaur.uasset" 310
"C:/Users/Dany8/OneDrive - 365education/BTS Classes/Semester 3/GAMEN2 Rattrapage/GAMEEN1_Project 4.26/Content/FirstPersonBP/Maya/Minotaur_UE4_DM.uasset" 311
"C:/Users/Dany8/OneDrive - 365education/BTS Classes/Semester 3/GAMEN2 Rattrapage/GAMEEN1_Project 4.26/Content/Infinity_Blade_Assets/Textures/T_Potions.uasset" 312
"C:/Users/Dany8/OneDrive - 365education/BTS Classes/Semester 3/GAMEN2 Rattrapage/GAMEEN1_Project 4.26/Content/Infinity_Blade_Assets/Materials/M_Potions.uasset" 313
"C:/Users/Dany8/OneDrive - 365education/BTS Classes/Semester 3/GAMEN2 Rattrapage/GAMEEN1_Project 4.26/Content/Infinity_Blade_Assets/Meshes/Props/PotionRegen.uasset" 314
"../../../Engine/Content/Functions/Engine_MaterialFunctions01/Density/ExponentialDensity.uasset" 315
"../../../Engine/Content/Functions/Engine_MaterialFunctions01/Gradient/RadialGradientExponential.uasset" 316
"C:/Users/Dany8/OneDrive - 365education/BTS Classes/Semester 3/GAMEN2 Rattrapage/GAMEEN1_Project 4.26/Content/FirstPersonBP/Blueprints/Sprite/HealthPickup_Sparks.uasset" 317
"C:/Users/Dany8/OneDrive - 365education/BTS Classes/Semester 3/GAMEN2 Rattrapage/GAMEEN1_Project 4.26/Content/FirstPersonBP/Blueprints/Sprite/P_HealthPickup.uasset" 318
"C:/Users/Dany8/OneDrive - 365education/BTS Classes/Semester 3/GAMEN2 Rattrapage/GAMEEN1_Project 4.26/Content/FirstPersonBP/Blueprints/SoundEffects/Healthpickup.uasset" 319
"C:/Users/Dany8/OneDrive - 365education/BTS Classes/Semester 3/GAMEN2 Rattrapage/GAMEEN1_Project 4.26/Content/FirstPersonBP/Blueprints/HealthPickup.uasset" 320
"C:/Users/Dany8/OneDrive - 365education/BTS Classes/Semester 3/GAMEN2 Rattrapage/GAMEEN1_Project 4.26/Content/StarterContent/Textures/T_Frame_N.uasset" 321
"C:/Users/Dany8/OneDrive - 365education/BTS Classes/Semester 3/GAMEN2 Rattrapage/GAMEEN1_Project 4.26/Content/StarterContent/Textures/T_Frame_M.uasset" 322
"C:/Users/Dany8/OneDrive - 365education/BTS Classes/Semester 3/GAMEN2 Rattrapage/GAMEEN1_Project 4.26/Content/StarterContent/Props/Materials/M_Frame.uasset" 323
"C:/Users/Dany8/OneDrive - 365education/BTS Classes/Semester 3/GAMEN2 Rattrapage/GAMEEN1_Project 4.26/Content/StarterContent/Props/SM_DoorFrame.uasset" 324
"C:/Users/Dany8/OneDrive - 365education/BTS Classes/Semester 3/GAMEN2 Rattrapage/GAMEEN1_Project 4.26/Content/StarterContent/Textures/T_Door_N.uasset" 325
"C:/Users/Dany8/OneDrive - 365education/BTS Classes/Semester 3/GAMEN2 Rattrapage/GAMEEN1_Project 4.26/Content/StarterContent/Textures/T_Door_M.uasset" 326
"C:/Users/Dany8/OneDrive - 365education/BTS Classes/Semester 3/GAMEN2 Rattrapage/GAMEEN1_Project 4.26/Content/StarterContent/Props/Materials/M_Door.uasset" 327
"C:/Users/Dany8/OneDrive - 365education/BTS Classes/Semester 3/GAMEN2 Rattrapage/GAMEEN1_Project 4.26/Content/StarterContent/Materials/M_Glass.uasset" 328
"C:/Users/Dany8/OneDrive - 365education/BTS Classes/Semester 3/GAMEN2 Rattrapage/GAMEEN1_Project 4.26/Content/StarterContent/Props/SM_Door.uasset" 329
"C:/Users/Dany8/OneDrive - 365education/BTS Classes/Semester 3/GAMEN2 Rattrapage/GAMEEN1_Project 4.26/Content/FirstPersonBP/Blueprints/Door_BP.uasset" 330
"C:/Users/Dany8/OneDrive - 365education/BTS Classes/Semester 3/GAMEN2 Rattrapage/GAMEEN1_Project 4.26/Content/FirstPersonBP/AI/NPC/PatrolPath.uasset" 331
"../../../Engine/Content/EngineMaterials/DefaultPhysicalMaterial.uasset" 332
"C:/Users/Dany8/OneDrive - 365education/BTS Classes/Semester 3/GAMEN2 Rattrapage/GAMEEN1_Project 4.26/Content/StarterContent/SCK_Casual01/Mannequin/Character/Textures/UE4Man_Logo_N.uasset" 333
"C:/Users/Dany8/OneDrive - 365education/BTS Classes/Semester 3/GAMEN2 Rattrapage/GAMEEN1_Project 4.26/Content/StarterContent/SCK_Casual01/Mannequin/Character/Textures/UE4_Mannequin_MAT_MASKA.uasset" 334
"C:/Users/Dany8/OneDrive - 365education/BTS Classes/Semester 3/GAMEN2 Rattrapage/GAMEEN1_Project 4.26/Content/StarterContent/SCK_Casual01/Mannequin/Character/Textures/UE4_Mannequin__normals.uasset" 335
"C:/Users/Dany8/OneDrive - 365education/BTS Classes/Semester 3/GAMEN2 Rattrapage/GAMEEN1_Project 4.26/Content/StarterContent/SCK_Casual01/Mannequin/Character/Textures/UE4_LOGO_CARD.uasset" 336
"C:/Users/Dany8/OneDrive - 365education/BTS Classes/Semester 3/GAMEN2 Rattrapage/GAMEEN1_Project 4.26/Content/StarterContent/SCK_Casual01/Mannequin/Character/Materials/MaterialLayers/T_ML_Rubber_Blue_01_N.uasset" 337
"C:/Users/Dany8/OneDrive - 365education/BTS Classes/Semester 3/GAMEN2 Rattrapage/GAMEEN1_Project 4.26/Content/StarterContent/SCK_Casual01/Mannequin/Character/Materials/MaterialLayers/T_ML_Rubber_Blue_01_D.uasset" 338
"C:/Users/Dany8/OneDrive - 365education/BTS Classes/Semester 3/GAMEN2 Rattrapage/GAMEEN1_Project 4.26/Content/StarterContent/SCK_Casual01/Mannequin/Character/Materials/MaterialLayers/T_ML_Aluminum01_N.uasset" 339
"C:/Users/Dany8/OneDrive - 365education/BTS Classes/Semester 3/GAMEN2 Rattrapage/GAMEEN1_Project 4.26/Content/StarterContent/SCK_Casual01/Mannequin/Character/Materials/MaterialLayers/T_ML_Aluminum01.uasset" 340
"C:/Users/Dany8/OneDrive - 365education/BTS Classes/Semester 3/GAMEN2 Rattrapage/GAMEEN1_Project 4.26/Content/StarterContent/SCK_Casual01/Mannequin/Character/Materials/MaterialLayers/ML_SoftMetal_UE4.uasset" 341
"C:/Users/Dany8/OneDrive - 365education/BTS Classes/Semester 3/GAMEN2 Rattrapage/GAMEEN1_Project 4.26/Content/StarterContent/SCK_Casual01/Mannequin/Character/Materials/MaterialLayers/ML_Plastic_Shiny_Beige_LOGO.uasset" 342
"C:/Users/Dany8/OneDrive - 365education/BTS Classes/Semester 3/GAMEN2 Rattrapage/GAMEEN1_Project 4.26/Content/StarterContent/SCK_Casual01/Mannequin/Character/Materials/MaterialLayers/ML_Plastic_Shiny_Beige.uasset" 343
"C:/Users/Dany8/OneDrive - 365education/BTS Classes/Semester 3/GAMEN2 Rattrapage/GAMEEN1_Project 4.26/Content/StarterContent/SCK_Casual01/Mannequin/Character/Materials/MaterialLayers/ML_GlossyBlack_Latex_UE4.uasset" 344
"C:/Users/Dany8/OneDrive - 365education/BTS Classes/Semester 3/GAMEN2 Rattrapage/GAMEEN1_Project 4.26/Content/StarterContent/SCK_Casual01/Mannequin/Character/Materials/M_UE4Man_Body.uasset" 345
"C:/Users/Dany8/OneDrive - 365education/BTS Classes/Semester 3/GAMEN2 Rattrapage/GAMEEN1_Project 4.26/Content/StarterContent/SCK_Casual01/Mannequin/Character/Materials/M_UE4Man_ChestLogo.uasset" 346
"C:/Users/Dany8/OneDrive - 365education/BTS Classes/Semester 3/GAMEN2 Rattrapage/GAMEEN1_Project 4.26/Content/StarterContent/SCK_Casual01/Mannequin/Character/Mesh/SK_Mannequin.uasset" 347
"C:/Users/Dany8/OneDrive - 365education/BTS Classes/Semester 3/GAMEN2 Rattrapage/GAMEEN1_Project 4.26/Content/FirstPersonBP/AI/NPC/Shooting.uasset" 348
"C:/Users/Dany8/OneDrive - 365education/BTS Classes/Semester 3/GAMEN2 Rattrapage/GAMEEN1_Project 4.26/Content/FirstPersonBP/AI/NPC/ChaseStatus.uasset" 349
"C:/Users/Dany8/OneDrive - 365education/BTS Classes/Semester 3/GAMEN2 Rattrapage/GAMEEN1_Project 4.26/Content/FirstPersonBP/AI/NPC/NPC_BB.uasset" 350
"C:/Users/Dany8/OneDrive - 365education/BTS Classes/Semester 3/GAMEN2 Rattrapage/GAMEEN1_Project 4.26/Content/FirstPersonBP/AI/NPC/LoopPath.uasset" 351
"C:/Users/Dany8/OneDrive - 365education/BTS Classes/Semester 3/GAMEN2 Rattrapage/GAMEEN1_Project 4.26/Content/FirstPersonBP/AI/NPC/FindPlayerLocation.uasset" 352
"C:/Users/Dany8/OneDrive - 365education/BTS Classes/Semester 3/GAMEN2 Rattrapage/GAMEEN1_Project 4.26/Content/FirstPersonBP/AI/NPC/IncrementPathIndex.uasset" 353
"C:/Users/Dany8/OneDrive - 365education/BTS Classes/Semester 3/GAMEN2 Rattrapage/GAMEEN1_Project 4.26/Content/FirstPersonBP/AI/NPC/FindRandomLocation.uasset" 354
"C:/Users/Dany8/OneDrive - 365education/BTS Classes/Semester 3/GAMEN2 Rattrapage/GAMEEN1_Project 4.26/Content/FirstPersonBP/AI/NPC/FindPathPoint.uasset" 355
"C:/Users/Dany8/OneDrive - 365education/BTS Classes/Semester 3/GAMEN2 Rattrapage/GAMEEN1_Project 4.26/Content/FirstPersonBP/AI/NPC/DecrementPathIndex.uasset" 356
"C:/Users/Dany8/OneDrive - 365education/BTS Classes/Semester 3/GAMEN2 Rattrapage/GAMEEN1_Project 4.26/Content/FirstPersonBP/AI/NPC/ChasePlayer.uasset" 357
"C:/Users/Dany8/OneDrive - 365education/BTS Classes/Semester 3/GAMEN2 Rattrapage/GAMEEN1_Project 4.26/Content/FirstPersonBP/AI/NPC/ChangeStatus.uasset" 358
"C:/Users/Dany8/OneDrive - 365education/BTS Classes/Semester 3/GAMEN2 Rattrapage/GAMEEN1_Project 4.26/Content/FirstPersonBP/AI/NPC/ChangeNPCSpeed.uasset" 359
"C:/Users/Dany8/OneDrive - 365education/BTS Classes/Semester 3/GAMEN2 Rattrapage/GAMEEN1_Project 4.26/Content/FirstPersonBP/AI/NPC/NPC_BT.uasset" 360
"C:/Users/Dany8/OneDrive - 365education/BTS Classes/Semester 3/GAMEN2 Rattrapage/GAMEEN1_Project 4.26/Content/FirstPersonBP/AI/NPC/NPC_AI.uasset" 361
"C:/Users/Dany8/OneDrive - 365education/BTS Classes/Semester 3/GAMEN2 Rattrapage/GAMEEN1_Project 4.26/Content/FirstPersonBP/AI/NPC/NPC.uasset" 362
"C:/Users/Dany8/OneDrive - 365education/BTS Classes/Semester 3/GAMEN2 Rattrapage/GAMEEN1_Project 4.26/Content/DynamicGrassLite/Textures/Foliage/purplePlant1_Color_T.uasset" 363
"C:/Users/Dany8/OneDrive - 365education/BTS Classes/Semester 3/GAMEN2 Rattrapage/GAMEEN1_Project 4.26/Content/DynamicGrassLite/Textures/Misc/WindWaveNormal1_T.uasset" 364
"../../../Engine/Content/EngineMaterials/BlendFunc_DefBlend.uasset" 365
"../../../Engine/Content/EngineMaterials/BlendFunc_DefBase.uasset" 366
"../../../Engine/Content/Functions/Engine_MaterialFunctions03/Blends/Blend_Overlay.uasset" 367
"../../../Engine/Content/Functions/Engine_MaterialFunctions02/Texturing/CustomRotator.uasset" 368
"../../../Engine/Content/Functions/Engine_MaterialFunctions01/SpeedTree/SpeedTreeColorVariation.uasset" 369
"C:/Users/Dany8/OneDrive - 365education/BTS Classes/Semester 3/GAMEN2 Rattrapage/GAMEEN1_Project 4.26/Content/DynamicGrassLite/Textures/Misc/GrassUnivRoughnessTexture1_T.uasset" 370
"C:/Users/Dany8/OneDrive - 365education/BTS Classes/Semester 3/GAMEN2 Rattrapage/GAMEEN1_Project 4.26/Content/DynamicGrassLite/Textures/Misc/clouds4_T.uasset" 371
"C:/Users/Dany8/OneDrive - 365education/BTS Classes/Semester 3/GAMEN2 Rattrapage/GAMEEN1_Project 4.26/Content/DynamicGrassLite/Textures/Foliage/Grass1_T.uasset" 372
"C:/Users/Dany8/OneDrive - 365education/BTS Classes/Semester 3/GAMEN2 Rattrapage/GAMEEN1_Project 4.26/Content/DynamicGrassLite/Materials/Grass/SimpleOptimizedGrassWind.uasset" 373
"C:/Users/Dany8/OneDrive - 365education/BTS Classes/Semester 3/GAMEN2 Rattrapage/GAMEEN1_Project 4.26/Content/DynamicGrassLite/Materials/Grass/SimpleGrassWind_DGS.uasset" 374
"C:/Users/Dany8/OneDrive - 365education/BTS Classes/Semester 3/GAMEN2 Rattrapage/GAMEEN1_Project 4.26/Content/DynamicGrassLite/Materials/Grass/GrassGlobalParams.uasset" 375
"C:/Users/Dany8/OneDrive - 365education/BTS Classes/Semester 3/GAMEN2 Rattrapage/GAMEEN1_Project 4.26/Content/DynamicGrassLite/Materials/Grass/Grass_M.uasset" 376
"C:/Users/Dany8/OneDrive - 365education/BTS Classes/Semester 3/GAMEN2 Rattrapage/GAMEEN1_Project 4.26/Content/DynamicGrassLite/Materials/Grass/Grass6_M_Inst.uasset" 377
"C:/Users/Dany8/OneDrive - 365education/BTS Classes/Semester 3/GAMEN2 Rattrapage/GAMEEN1_Project 4.26/Content/DynamicGrassLite/Meshes/purplePlant1_SM.uasset" 378
"C:/Users/Dany8/OneDrive - 365education/BTS Classes/Semester 3/GAMEN2 Rattrapage/GAMEEN1_Project 4.26/Content/DynamicGrassLite/Blueprints/InternalLogic/InstanceStatus.uasset" 379
"C:/Users/Dany8/OneDrive - 365education/BTS Classes/Semester 3/GAMEN2 Rattrapage/GAMEEN1_Project 4.26/Content/DynamicGrassLite/Blueprints/InternalLogic/InstanceToChangeTransform.uasset" 380
"C:/Users/Dany8/OneDrive - 365education/BTS Classes/Semester 3/GAMEN2 Rattrapage/GAMEEN1_Project 4.26/Content/DynamicGrassLite/Meshes/visPillar_1Unit_SM.uasset" 381
"C:/Users/Dany8/OneDrive - 365education/BTS Classes/Semester 3/GAMEN2 Rattrapage/GAMEEN1_Project 4.26/Content/DynamicGrassLite/Materials/Misc/SimpleTranslucent_M.uasset" 382
"C:/Users/Dany8/OneDrive - 365education/BTS Classes/Semester 3/GAMEN2 Rattrapage/GAMEEN1_Project 4.26/Content/DynamicGrassLite/Textures/Foliage/grass2_Color_Desaturated_Var1.uasset" 383
"C:/Users/Dany8/OneDrive - 365education/BTS Classes/Semester 3/GAMEN2 Rattrapage/GAMEEN1_Project 4.26/Content/DynamicGrassLite/Materials/Grass/Grass2_M_Inst.uasset" 384
"C:/Users/Dany8/OneDrive - 365education/BTS Classes/Semester 3/GAMEN2 Rattrapage/GAMEEN1_Project 4.26/Content/DynamicGrassLite/Materials/Grass/Grass_FarLOD_M.uasset" 385
"C:/Users/Dany8/OneDrive - 365education/BTS Classes/Semester 3/GAMEN2 Rattrapage/GAMEEN1_Project 4.26/Content/DynamicGrassLite/Materials/Grass/Grass2_FarLOD_M_Inst.uasset" 386
"C:/Users/Dany8/OneDrive - 365education/BTS Classes/Semester 3/GAMEN2 Rattrapage/GAMEEN1_Project 4.26/Content/DynamicGrassLite/Meshes/grassMesh2_SM.uasset" 387
"C:/Users/Dany8/OneDrive - 365education/BTS Classes/Semester 3/GAMEN2 Rattrapage/GAMEEN1_Project 4.26/Content/DynamicGrassLite/Blueprints/FoliageTypes/Grass2_Component_BP.uasset" 388
"C:/Users/Dany8/OneDrive - 365education/BTS Classes/Semester 3/GAMEN2 Rattrapage/GAMEEN1_Project 4.26/Content/DynamicGrassLite/Blueprints/InternalLogic/FoliageToSpawnInArea.uasset" 389
"C:/Users/Dany8/OneDrive - 365education/BTS Classes/Semester 3/GAMEN2 Rattrapage/GAMEEN1_Project 4.26/Content/DynamicGrassLite/Blueprints/GrassSpawnAreas/GrassSpawnArea_BP.uasset" 390
"C:/Users/Dany8/OneDrive - 365education/BTS Classes/Semester 3/GAMEN2 Rattrapage/GAMEEN1_Project 4.26/Content/DynamicGrassLite/Textures/Misc/GrassManagerIcon_T.uasset" 391
"C:/Users/Dany8/OneDrive - 365education/BTS Classes/Semester 3/GAMEN2 Rattrapage/GAMEEN1_Project 4.26/Content/DynamicGrassLite/Blueprints/InternalLogic/InteractiveFoliageChunk_BP.uasset" 392
"C:/Users/Dany8/OneDrive - 365education/BTS Classes/Semester 3/GAMEN2 Rattrapage/GAMEEN1_Project 4.26/Content/DynamicGrassLite/Blueprints/InternalLogic/FoliageToSpawn_Struct.uasset" 393
"C:/Users/Dany8/OneDrive - 365education/BTS Classes/Semester 3/GAMEN2 Rattrapage/GAMEEN1_Project 4.26/Content/DynamicGrassLite/Blueprints/InteractiveGrassManager_BP.uasset" 394
"C:/Users/Dany8/OneDrive - 365education/BTS Classes/Semester 3/GAMEN2 Rattrapage/GAMEEN1_Project 4.26/Content/DynamicGrassLite/Blueprints/InternalLogic/InstanceTransformer_BP.uasset" 395
"C:/Users/Dany8/OneDrive - 365education/BTS Classes/Semester 3/GAMEN2 Rattrapage/GAMEEN1_Project 4.26/Content/DynamicGrassLite/Blueprints/InternalLogic/INTERACTIVE_FoliageComp_BP.uasset" 396
"C:/Users/Dany8/OneDrive - 365education/BTS Classes/Semester 3/GAMEN2 Rattrapage/GAMEEN1_Project 4.26/Content/DynamicGrassLite/Blueprints/FoliageTypes/PurplePlant1_Component_BP.uasset" 397
"C:/Users/Dany8/OneDrive - 365education/BTS Classes/Semester 3/GAMEN2 Rattrapage/GAMEEN1_Project 4.26/Content/DynamicGrassLite/Blueprints/FoliageTypes/PurplePlant1_FoliageType.uasset" 398
"C:/Users/Dany8/OneDrive - 365education/BTS Classes/Semester 3/GAMEN2 Rattrapage/GAMEEN1_Project 4.26/Content/DynamicGrassLite/Blueprints/FoliageTypes/Grass2_FoliageType.uasset" 399
"C:/Users/Dany8/OneDrive - 365education/BTS Classes/Semester 3/GAMEN2 Rattrapage/GAMEEN1_Project 4.26/Content/DynamicGrassLite/Textures/Foliage/Bush2_Color_T.uasset" 400
"C:/Users/Dany8/OneDrive - 365education/BTS Classes/Semester 3/GAMEN2 Rattrapage/GAMEEN1_Project 4.26/Content/DynamicGrassLite/Materials/Grass/Bush2_M_Inst.uasset" 401
"C:/Users/Dany8/OneDrive - 365education/BTS Classes/Semester 3/GAMEN2 Rattrapage/GAMEEN1_Project 4.26/Content/DynamicGrassLite/Meshes/Bush2_SM.uasset" 402
"C:/Users/Dany8/OneDrive - 365education/BTS Classes/Semester 3/GAMEN2 Rattrapage/GAMEEN1_Project 4.26/Content/DynamicGrassLite/Blueprints/FoliageTypes/Bush2_Component_BP.uasset" 403
"C:/Users/Dany8/OneDrive - 365education/BTS Classes/Semester 3/GAMEN2 Rattrapage/GAMEEN1_Project 4.26/Content/DynamicGrassLite/Blueprints/FoliageTypes/Bush2_FoliageType.uasset" 404
"C:/Users/Dany8/OneDrive - 365education/BTS Classes/Semester 3/GAMEN2 Rattrapage/GAMEEN1_Project 4.26/Content/DynamicGrassLite/Textures/Foliage/Bush1_Color_T.uasset" 405
"C:/Users/Dany8/OneDrive - 365education/BTS Classes/Semester 3/GAMEN2 Rattrapage/GAMEEN1_Project 4.26/Content/DynamicGrassLite/Materials/Grass/Bush1_M_Inst.uasset" 406
"C:/Users/Dany8/OneDrive - 365education/BTS Classes/Semester 3/GAMEN2 Rattrapage/GAMEEN1_Project 4.26/Content/DynamicGrassLite/Meshes/Bush1_SM.uasset" 407
"C:/Users/Dany8/OneDrive - 365education/BTS Classes/Semester 3/GAMEN2 Rattrapage/GAMEEN1_Project 4.26/Content/DynamicGrassLite/Blueprints/FoliageTypes/Bush1_Component_BP.uasset" 408
"C:/Users/Dany8/OneDrive - 365education/BTS Classes/Semester 3/GAMEN2 Rattrapage/GAMEEN1_Project 4.26/Content/DynamicGrassLite/Blueprints/FoliageTypes/Bush1_FoliageType.uasset" 409
"C:/Users/Dany8/OneDrive - 365education/BTS Classes/Semester 3/GAMEN2 Rattrapage/GAMEEN1_Project 4.26/Content/FirstPersonBP/Maps/Main.umap" 410
